<?xml version="1.0" encoding="UTF-8"?>
<TestRun id="530cc011-c068-4ac4-a949-b85b66eee535" name="user@USER-PC 2013-04-06 14:36:31" runUser="user-PC\user" xmlns="http://microsoft.com/schemas/VisualStudio/TeamTest/2010">
  <TestSettings name="Локальные" id="df7179f4-4ccf-4547-80bd-4c3ff57a5370">
    <Description>Это - параметры по умолчанию для локального тестового запуска.</Description>
    <Deployment enabled="false" runDeploymentRoot="user_USER-PC 2013-04-06 14_36_31">
      <DeploymentItem filename="i:\AutoTrade\packages\Ninject.MVC3.3.0.0.6\lib\net40-full\Ninject.Web.Mvc.dll" />
      <DeploymentItem filename="i:\AutoTrade\packages\Microsoft.Web.Infrastructure.1.0.0.0\lib\net40\Microsoft.Web.Infrastructure.dll" />
      <DeploymentItem filename="i:\AutoTrade\packages\Moq.4.0.10827\lib\NET40\Moq.dll" />
      <DeploymentItem filename="i:\AutoTrade\packages\EntityFramework.4.1.10331.0\lib\EntityFramework.dll" />
      <DeploymentItem filename="I:\AutoTrade\AutoTrade.Domain\bin\Debug\AutoTrade.Domain.dll" />
      <DeploymentItem filename="I:\AutoTrade\AutoTrade.WebUI\bin\AutoTrade.WebUI.dll" />
      <DeploymentItem filename="i:\AutoTrade\packages\WebActivator.1.5.3\lib\net40\WebActivator.dll" />
      <DeploymentItem filename="i:\AutoTrade\packages\Ninject.3.0.1.10\lib\net40\Ninject.dll" />
      <DeploymentItem filename="i:\AutoTrade\packages\Ninject.Web.Common.3.0.0.7\lib\net40-full\Ninject.Web.Common.dll" />
    </Deployment>
    <Execution>
      <TestTypeSpecific />
      <AgentRule name="Execution Agents">
      </AgentRule>
    </Execution>
  </TestSettings>
  <Times creation="2013-04-06T14:36:31.5820312+03:00" queuing="2013-04-06T14:36:32.9296875+03:00" start="2013-04-06T14:36:33.0283203+03:00" finish="2013-04-06T14:36:34.2119140+03:00" />
  <ResultSummary outcome="Completed">
    <Counters total="2" executed="2" passed="2" error="0" failed="0" timeout="0" aborted="0" inconclusive="0" passedButRunAborted="0" notRunnable="0" notExecuted="0" disconnected="0" warning="0" completed="0" inProgress="0" pending="0" />
  </ResultSummary>
  <TestDefinitions>
    <UnitTest name="TestMethod1" storage="i:\autotrade\autotrade.tests\bin\debug\autotrade.tests.dll" id="c005e91d-c3db-93c5-b99e-68399b239535">
      <Execution id="f41472aa-3d90-4e79-8033-bb4fc49c4aeb" />
      <TestMethod codeBase="i:/AutoTrade/AutoTrade.Tests/bin/Debug/AutoTrade.Tests.DLL" adapterTypeName="Microsoft.VisualStudio.TestTools.TestTypes.Unit.UnitTestAdapter, Microsoft.VisualStudio.QualityTools.Tips.UnitTest.Adapter, Version=10.0.0.0, Culture=neutral, PublicKeyToken=b03f5f7f11d50a3a" className="AutoTrade.Tests.UnitTest1, AutoTrade.Tests, Version=1.0.0.0, Culture=neutral, PublicKeyToken=null" name="TestMethod1" />
    </UnitTest>
    <UnitTest name="CanPaging" storage="i:\autotrade\autotrade.tests\bin\debug\autotrade.tests.dll" id="b92d9c43-becc-4253-db34-e46e12ecb35e">
      <Execution id="d49fc3ac-82e0-4d2e-bd94-7d8def7dad74" />
      <TestMethod codeBase="i:/AutoTrade/AutoTrade.Tests/bin/Debug/AutoTrade.Tests.DLL" adapterTypeName="Microsoft.VisualStudio.TestTools.TestTypes.Unit.UnitTestAdapter, Microsoft.VisualStudio.QualityTools.Tips.UnitTest.Adapter, Version=10.0.0.0, Culture=neutral, PublicKeyToken=b03f5f7f11d50a3a" className="AutoTrade.Tests.AutoModelControllerTest, AutoTrade.Tests, Version=1.0.0.0, Culture=neutral, PublicKeyToken=null" name="CanPaging" />
    </UnitTest>
  </TestDefinitions>
  <TestLists>
    <TestList name="Отсутствующие в списке результаты" id="8c84fa94-04c1-424b-9868-57a2d4851a1d" />
    <TestList name="Все загруженные результаты" id="19431567-8539-422a-85d7-44ee4e166bda" />
  </TestLists>
  <TestEntries>
    <TestEntry testId="b92d9c43-becc-4253-db34-e46e12ecb35e" executionId="d49fc3ac-82e0-4d2e-bd94-7d8def7dad74" testListId="8c84fa94-04c1-424b-9868-57a2d4851a1d" />
    <TestEntry testId="c005e91d-c3db-93c5-b99e-68399b239535" executionId="f41472aa-3d90-4e79-8033-bb4fc49c4aeb" testListId="8c84fa94-04c1-424b-9868-57a2d4851a1d" />
  </TestEntries>
  <Results>
    <UnitTestResult executionId="d49fc3ac-82e0-4d2e-bd94-7d8def7dad74" testId="b92d9c43-becc-4253-db34-e46e12ecb35e" testName="CanPaging" computerName="USER-PC" duration="00:00:00.4288114" startTime="2013-04-06T14:36:33.0625000+03:00" endTime="2013-04-06T14:36:34.0214843+03:00" testType="13cdc9d9-ddb5-4fa4-a97d-d965ccfc6d4b" outcome="Passed" testListId="8c84fa94-04c1-424b-9868-57a2d4851a1d" relativeResultsDirectory="d49fc3ac-82e0-4d2e-bd94-7d8def7dad74">
    </UnitTestResult>
    <UnitTestResult executionId="f41472aa-3d90-4e79-8033-bb4fc49c4aeb" testId="c005e91d-c3db-93c5-b99e-68399b239535" testName="TestMethod1" computerName="USER-PC" duration="00:00:00.0010370" startTime="2013-04-06T14:36:34.0234375+03:00" endTime="2013-04-06T14:36:34.0371093+03:00" testType="13cdc9d9-ddb5-4fa4-a97d-d965ccfc6d4b" outcome="Passed" testListId="8c84fa94-04c1-424b-9868-57a2d4851a1d" relativeResultsDirectory="f41472aa-3d90-4e79-8033-bb4fc49c4aeb">
    </UnitTestResult>
  </Results>
</TestRun>